<?xml version="1.0" encoding="UTF-8"?>
<!-- Generated by org.testng.reporters.JUnitReportReporter -->
<testsuite hostname="veeru05" failures="1" tests="2" name="cucumberOptions.TestNGRunner" time="101.804" errors="0" timestamp="2025-03-15T23:25:12 IST" skipped="0">
  <testcase classname="cucumberOptions.TestNGRunner" name="runScenario" time="50.488"/>
  <testcase classname="cucumberOptions.TestNGRunner" name="runScenario" time="51.316">
    <failure message="
Expected: is &lt;false&gt;
     but: was &lt;true&gt;" type="java.lang.AssertionError">
      <![CDATA[java.lang.AssertionError: 
Expected: is <false>
     but: was <true>
at org.hamcrest.MatcherAssert.assertThat(MatcherAssert.java:20)
at org.hamcrest.MatcherAssert.assertThat(MatcherAssert.java:8)
at stepDefinitions.StepDefinitions.verifyColumnsHeaderOfTheTablePage(StepDefinitions.java:51)
at ✽.Verify Columns Header Of The Table Page(file:///C:/Users/Leovon/eclipse-workspace/QuickBaseDemo/quickbases/src/test/java/features/Tables.feature:15)
]]>
    </failure>
  </testcase> <!-- runScenario -->
</testsuite> <!-- cucumberOptions.TestNGRunner -->
