<?xml version="1.0" encoding="UTF-8"?>
<testng-results ignored="0" total="1" passed="1" failed="0" skipped="0">
  <reporter-output>
  </reporter-output>
  <suite started-at="2025-03-16T12:16:40 IST" name="Surefire suite" finished-at="2025-03-16T12:17:36 IST" duration-ms="56028">
    <groups>
      <group name="cucumber">
        <method signature="AbstractTestNGCucumberTests.runScenario(io.cucumber.testng.PickleWrapper,io.cucumber.testng.FeatureWrapper)[pri:0, instance:cucumberOptions.TestNGRunner@323b36e0]" name="runScenario" class="io.cucumber.testng.AbstractTestNGCucumberTests"/>
      </group> <!-- cucumber -->
    </groups>
    <test started-at="2025-03-16T12:16:40 IST" name="Surefire test" finished-at="2025-03-16T12:17:36 IST" duration-ms="56028">
      <class name="cucumberOptions.TestNGRunner">
        <test-method is-config="true" signature="setUpClass(org.testng.ITestContext)[pri:0, instance:cucumberOptions.TestNGRunner@323b36e0]" started-at="2025-03-16T12:16:41 IST" name="setUpClass" finished-at="2025-03-16T12:16:43 IST" duration-ms="2030" status="PASS">
          <params>
            <param index="0">
              <value>
                <![CDATA[org.testng.TestRunner@69aabcb0]]>
              </value>
            </param>
          </params>
          <reporter-output>
          </reporter-output>
        </test-method> <!-- setUpClass -->
        <test-method signature="runScenario(io.cucumber.testng.PickleWrapper,io.cucumber.testng.FeatureWrapper)[pri:0, instance:cucumberOptions.TestNGRunner@323b36e0]" started-at="2025-03-16T12:16:43 IST" name="runScenario" description="Runs Cucumber Scenarios" data-provider="scenarios" finished-at="2025-03-16T12:17:36 IST" duration-ms="53155" status="PASS">
          <params>
            <param index="0">
              <value>
                <![CDATA["Verify Columns Header Of The Table Page"]]>
              </value>
            </param>
            <param index="1">
              <value>
                <![CDATA["Verify the Table feature functionalities"]]>
              </value>
            </param>
          </params>
          <reporter-output>
          </reporter-output>
        </test-method> <!-- runScenario -->
        <test-method is-config="true" signature="tearDownClass()[pri:0, instance:cucumberOptions.TestNGRunner@323b36e0]" started-at="2025-03-16T12:17:36 IST" name="tearDownClass" finished-at="2025-03-16T12:17:36 IST" duration-ms="742" status="PASS">
          <reporter-output>
          </reporter-output>
        </test-method> <!-- tearDownClass -->
      </class> <!-- cucumberOptions.TestNGRunner -->
    </test> <!-- Surefire test -->
  </suite> <!-- Surefire suite -->
</testng-results>
